<?xml version="1.0" encoding="utf-8"?>
<LinearLayout xmlns:android="http://schemas.android.com/apk/res/android"
    xmlns:tools="http://schemas.android.com/tools"
    android:id="@+id/activity_main"
    android:layout_width="match_parent"
    android:layout_height="match_parent"
    android:orientation="vertical"
    tools:context="com.nj.ts.autotest.activity.TestResultActivity">

    <TextView
        android:layout_width="wrap_content"
        android:layout_height="wrap_content"
        android:padding="10dp"
        android:text="Test Result"
        android:textSize="24sp" />

    <TextView
        android:id="@+id/project"
        android:layout_width="wrap_content"
        android:layout_height="wrap_content"
        android:padding="10dp"
        android:textSize="24sp" />

    <RelativeLayout
        android:layout_width="match_parent"
        android:layout_height="wrap_content"
        android:padding="20dp"
        android:orientation="horizontal">

        <Button
            android:id="@+id/retest"
            android:layout_width="wrap_content"
            android:layout_height="wrap_content"
            android:background="@drawable/tab_item_bg"
            android:text="重测"
            android:layout_alignParentLeft="true"/>

        <Button
            android:id="@+id/test_alone"
            android:layout_width="wrap_content"
            android:layout_height="wrap_content"
            android:background="@drawable/tab_item_bg"
            android:text="单独测"
            android:layout_alignParentRight="true" />
    </RelativeLayout>

    <android.support.v7.widget.RecyclerView
        android:id="@+id/recyclerView"
        android:layout_width="wrap_content"
        android:layout_height="wrap_content" />

</LinearLayout>
